Flutter crash report.
Please report a bug at https://github.com/flutter/flutter/issues.

## command

flutter run -d web-server

## exception

SocketException: SocketException: Error event raised in event handler : error condition has been reset, port = 0

```
#0      _NativeSocket.multiplex (dart:io-patch/socket_patch.dart:1465:32)
#1      _RawReceivePort._handleMessage (dart:isolate-patch/isolate_patch.dart:184:12)
```

## flutter doctor

```
[!] Flutter (Channel stable, 3.19.5, on Kali GNU/Linux Rolling 6.6.9-amd64, locale C.UTF-8)
    • Flutter version 3.19.5 on channel stable at /usr/bin/flutter
    ! Warning: `dart` on your path resolves to /usr/lib/dart/bin/dart, which is not inside your
      current Flutter SDK checkout at /usr/bin/flutter. Consider adding /usr/bin/flutter/bin to the
      front of your path.
    • Upstream repository https://github.com/flutter/flutter.git
    • Framework revision 300451adae (3 weeks ago), 2024-03-27 21:54:07 -0500
    • Engine revision e76c956498
    • Dart version 3.3.3
    • DevTools version 2.31.1
    • If those were intentional, you can disregard the above warnings; however it is recommended to
      use "git" directly to perform update checks and upgrades.

[!] Android toolchain - develop for Android devices (Android SDK version 34.0.0)
    • Android SDK at /root/Android/Sdk
    ✗ cmdline-tools component is missing
      Run `path/to/sdkmanager --install "cmdline-tools;latest"`
      See https://developer.android.com/studio/command-line for more details.
    ✗ Android license status unknown.
      Run `flutter doctor --android-licenses` to accept the SDK licenses.
      See https://flutter.dev/docs/get-started/install/linux#android-setup for more details.

[✓] Chrome - develop for the web
    • Chrome at google-chrome

[✓] Linux toolchain - develop for Linux desktop
    • Debian clang version 16.0.6 (20)
    • cmake version 3.28.3
    • ninja version 1.11.1
    • pkg-config version 1.8.1

[✓] Android Studio (version 2023.2)
    • Android Studio at /opt/android-studio
    • Flutter plugin version 79.0.1
    • Dart plugin can be installed from:
      🔨 https://plugins.jetbrains.com/plugin/6351-dart
    • Java version OpenJDK Runtime Environment (build 17.0.9+0-17.0.9b1087.7-11185874)

[✓] VS Code (version 1.88.1)
    • VS Code at /usr/share/code
    • Flutter extension can be installed from:
      🔨 https://marketplace.visualstudio.com/items?itemName=Dart-Code.flutter

[✓] Connected device (3 available)
    • Linux (desktop)  • linux      • linux-x64      • Kali GNU/Linux Rolling 6.6.9-amd64
    • Web Server (web) • web-server • web-javascript • Flutter Tools
    • Chrome (web)     • chrome     • web-javascript • Google Chrome 123.0.6312.105

[✓] Network resources
    • All expected network resources are available.

! Doctor found issues in 2 categories.
```
